/*C1*/SET SCHEMA PUBLIC
CONNECT USER SA
SET AUTOCOMMIT FALSE
SET AUTOCOMMIT TRUE
SET AUTOCOMMIT FALSE
SET AUTOCOMMIT TRUE
SET AUTOCOMMIT FALSE
SET AUTOCOMMIT TRUE
SET AUTOCOMMIT FALSE
SET AUTOCOMMIT TRUE
SET AUTOCOMMIT FALSE
SET AUTOCOMMIT TRUE
SET AUTOCOMMIT FALSE
SET AUTOCOMMIT TRUE
/*C2*/SET SCHEMA PUBLIC
CONNECT USER SA
DISCONNECT
/*C3*/SET SCHEMA PUBLIC
CONNECT USER SA
/*C1*/SET AUTOCOMMIT FALSE
SET AUTOCOMMIT TRUE
SET AUTOCOMMIT FALSE
SET AUTOCOMMIT TRUE
SET AUTOCOMMIT FALSE
SET AUTOCOMMIT TRUE
SET AUTOCOMMIT FALSE
SET AUTOCOMMIT TRUE
DISCONNECT
/*C4*/SET SCHEMA PUBLIC
CONNECT USER SA
DISCONNECT
/*C5*/SET SCHEMA PUBLIC
CONNECT USER SA
DISCONNECT
/*C6*/SET SCHEMA PUBLIC
CONNECT USER SA
DISCONNECT
/*C7*/SET SCHEMA PUBLIC
CONNECT USER SA
/*C8*/SET SCHEMA PUBLIC
CONNECT USER SA
DISCONNECT
/*C9*/SET SCHEMA PUBLIC
CONNECT USER SA
/*C10*/SET SCHEMA PUBLIC
CONNECT USER SA
DISCONNECT
/*C11*/SET SCHEMA PUBLIC
CONNECT USER SA
/*C7*/SET AUTOCOMMIT FALSE
SET AUTOCOMMIT TRUE
SET AUTOCOMMIT FALSE
SET AUTOCOMMIT TRUE
SET AUTOCOMMIT FALSE
SET AUTOCOMMIT TRUE
SET AUTOCOMMIT FALSE
SET AUTOCOMMIT TRUE
SET AUTOCOMMIT FALSE
SET AUTOCOMMIT TRUE
SET AUTOCOMMIT FALSE
SET AUTOCOMMIT TRUE
SET AUTOCOMMIT FALSE
SET AUTOCOMMIT TRUE
SET AUTOCOMMIT FALSE
SET AUTOCOMMIT TRUE
SET AUTOCOMMIT FALSE
SET AUTOCOMMIT TRUE
SET AUTOCOMMIT FALSE
SET AUTOCOMMIT TRUE
SET AUTOCOMMIT FALSE
SET AUTOCOMMIT TRUE
SET AUTOCOMMIT FALSE
SET AUTOCOMMIT TRUE
SET AUTOCOMMIT FALSE
SET AUTOCOMMIT TRUE
/*C12*/SET SCHEMA PUBLIC
CONNECT USER SA
SET AUTOCOMMIT FALSE
SET AUTOCOMMIT TRUE
SET AUTOCOMMIT FALSE
SET AUTOCOMMIT TRUE
SET AUTOCOMMIT FALSE
SET AUTOCOMMIT TRUE
SET AUTOCOMMIT FALSE
SET AUTOCOMMIT TRUE
INSERT INTO PUBLISHABLE VALUES(34,0,FALSE,FALSE,'2009-12-29 21:43:30.835000000',FALSE,7,'Unpublished','2009-12-29 21:43:30.835000000')
INSERT INTO ARTICLE VALUES(34,'This is the summary',1,'This is the content.','this is an article')
INSERT INTO AUDIT_LOG VALUES(43,0,NULL,'2009-12-29 21:43:31.070000000',NULL,'editor2',NULL,NULL,'null','2009-12-29 21:43:31.070000000','org.samye.dzong.london.community.Article','INSERT','34')
SET AUTOCOMMIT FALSE
SET AUTOCOMMIT TRUE
SET AUTOCOMMIT FALSE
SET AUTOCOMMIT TRUE
SET AUTOCOMMIT FALSE
SET AUTOCOMMIT TRUE
SET AUTOCOMMIT FALSE
SET AUTOCOMMIT TRUE
/*C7*/SET AUTOCOMMIT FALSE
SET AUTOCOMMIT TRUE
SET AUTOCOMMIT FALSE
SET AUTOCOMMIT TRUE
SET AUTOCOMMIT FALSE
SET AUTOCOMMIT TRUE
SET AUTOCOMMIT FALSE
SET AUTOCOMMIT TRUE
SET AUTOCOMMIT FALSE
DELETE FROM PUBLISHABLE WHERE ID=2
INSERT INTO PUBLISHABLE VALUES(2,1,NULL,NULL,'2009-12-29 21:49:09.387000000',TRUE,5,'Unpublished','2009-12-29 19:54:14.349000000')
SET AUTOCOMMIT TRUE
INSERT INTO AUDIT_LOG VALUES(44,0,'deleted','2009-12-29 21:49:09.525000000','false','editor2',NULL,'true','null','2009-12-29 21:49:09.525000000','org.samye.dzong.london.community.Article','UPDATE','2')
/*C12*/SET AUTOCOMMIT FALSE
SET AUTOCOMMIT TRUE
INSERT INTO PUBLISHABLE VALUES(35,0,FALSE,FALSE,'2009-12-29 21:49:32.168000000',FALSE,7,'Unpublished','2009-12-29 21:49:32.168000000')
INSERT INTO ARTICLE VALUES(35,'summary',1,'content','hello')
INSERT INTO AUDIT_LOG VALUES(45,0,NULL,'2009-12-29 21:49:32.187000000',NULL,'editor2',NULL,NULL,'null','2009-12-29 21:49:32.187000000','org.samye.dzong.london.community.Article','INSERT','35')
SET AUTOCOMMIT FALSE
SET AUTOCOMMIT TRUE
SET AUTOCOMMIT FALSE
SET AUTOCOMMIT TRUE
SET AUTOCOMMIT FALSE
SET AUTOCOMMIT TRUE
SET AUTOCOMMIT FALSE
SET AUTOCOMMIT TRUE
SET AUTOCOMMIT FALSE
SET AUTOCOMMIT TRUE
SET AUTOCOMMIT FALSE
SET AUTOCOMMIT TRUE
SET AUTOCOMMIT FALSE
SET AUTOCOMMIT TRUE
SET AUTOCOMMIT FALSE
SET AUTOCOMMIT TRUE
INSERT INTO PUBLISHABLE VALUES(36,0,FALSE,FALSE,'2009-12-29 21:56:18.236000000',FALSE,7,'Unpublished','2009-12-29 21:56:18.236000000')
INSERT INTO ARTICLE VALUES(36,'afssssd',1,'afffffffffffffffffffd','fasssssssssssssssssssssssss')
INSERT INTO AUDIT_LOG VALUES(46,0,NULL,'2009-12-29 21:56:18.255000000',NULL,'editor2',NULL,NULL,'null','2009-12-29 21:56:18.255000000','org.samye.dzong.london.community.Article','INSERT','36')
SET AUTOCOMMIT FALSE
SET AUTOCOMMIT TRUE
INSERT INTO PUBLISHABLE VALUES(37,0,FALSE,FALSE,'2009-12-29 21:58:50.062000000',FALSE,7,'Unpublished','2009-12-29 21:58:50.062000000')
INSERT INTO ARTICLE VALUES(37,'rrrrrrrrrrrrrrrrrrrrrrr',2,'sgddddddddddddddddddddddddd','rrrrrrrrrrrrrrrrrr')
INSERT INTO AUDIT_LOG VALUES(47,0,NULL,'2009-12-29 21:58:50.091000000',NULL,'editor2',NULL,NULL,'null','2009-12-29 21:58:50.091000000','org.samye.dzong.london.community.Article','INSERT','37')
SET AUTOCOMMIT FALSE
SET AUTOCOMMIT TRUE
INSERT INTO PUBLISHABLE VALUES(38,0,FALSE,FALSE,'2009-12-29 21:59:28.726000000',FALSE,7,'Unpublished','2009-12-29 21:59:28.726000000')
INSERT INTO ARTICLE VALUES(38,'rrrrrrrrrrrrrrrrra',1,'affffffffffffffffffffffffd','rrrrrrrrrrrrrrrrrrraaaaaaaaaaaaaaaaaaaa')
INSERT INTO AUDIT_LOG VALUES(48,0,NULL,'2009-12-29 21:59:28.752000000',NULL,'editor2',NULL,NULL,'null','2009-12-29 21:59:28.752000000','org.samye.dzong.london.community.Article','INSERT','38')
SET AUTOCOMMIT FALSE
SET AUTOCOMMIT TRUE
SET AUTOCOMMIT FALSE
SET AUTOCOMMIT TRUE
SET AUTOCOMMIT FALSE
SET AUTOCOMMIT TRUE
SET AUTOCOMMIT FALSE
SET AUTOCOMMIT TRUE
SET AUTOCOMMIT FALSE
SET AUTOCOMMIT TRUE
SET AUTOCOMMIT FALSE
SET AUTOCOMMIT TRUE
SET AUTOCOMMIT FALSE
SET AUTOCOMMIT TRUE
SET AUTOCOMMIT FALSE
SET AUTOCOMMIT TRUE
SET AUTOCOMMIT FALSE
SET AUTOCOMMIT TRUE
/*C7*/SET AUTOCOMMIT FALSE
SET AUTOCOMMIT TRUE
SET AUTOCOMMIT FALSE
SET AUTOCOMMIT TRUE
SET AUTOCOMMIT FALSE
SET AUTOCOMMIT TRUE
SET AUTOCOMMIT FALSE
SET AUTOCOMMIT TRUE
SET AUTOCOMMIT FALSE
SET AUTOCOMMIT TRUE
SET AUTOCOMMIT FALSE
SET AUTOCOMMIT TRUE
SET AUTOCOMMIT FALSE
SET AUTOCOMMIT TRUE
SET AUTOCOMMIT FALSE
SET AUTOCOMMIT TRUE
SET AUTOCOMMIT FALSE
SET AUTOCOMMIT TRUE
SET AUTOCOMMIT FALSE
SET AUTOCOMMIT TRUE
/*C12*/SET AUTOCOMMIT FALSE
SET AUTOCOMMIT TRUE
/*C7*/SET AUTOCOMMIT FALSE
SET AUTOCOMMIT TRUE
SET AUTOCOMMIT FALSE
SET AUTOCOMMIT TRUE
SET AUTOCOMMIT FALSE
SET AUTOCOMMIT TRUE
SET AUTOCOMMIT FALSE
SET AUTOCOMMIT TRUE
INSERT INTO PUBLISHABLE VALUES(39,0,FALSE,FALSE,'2009-12-29 22:14:06.300000000',FALSE,7,'Unpublished','2009-12-29 22:14:06.300000000')
INSERT INTO ARTICLE VALUES(39,'tttttttttttttt',1,'dddddddddddddddddd','tttttttttttttttttt')
INSERT INTO AUDIT_LOG VALUES(49,0,NULL,'2009-12-29 22:14:06.319000000',NULL,'editor2',NULL,NULL,'null','2009-12-29 22:14:06.319000000','org.samye.dzong.london.community.Article','INSERT','39')
SET AUTOCOMMIT FALSE
SET AUTOCOMMIT TRUE
INSERT INTO PUBLISHABLE VALUES(40,0,FALSE,FALSE,'2009-12-29 22:15:29.320000000',FALSE,7,'Unpublished','2009-12-29 22:15:29.320000000')
INSERT INTO ARTICLE VALUES(40,'fffffffffffffffffff',1,'iiiiiiiiiiiiiiiii','dddddddddddddddddd')
INSERT INTO AUDIT_LOG VALUES(50,0,NULL,'2009-12-29 22:15:29.340000000',NULL,'editor2',NULL,NULL,'null','2009-12-29 22:15:29.340000000','org.samye.dzong.london.community.Article','INSERT','40')
SET AUTOCOMMIT FALSE
SET AUTOCOMMIT TRUE
INSERT INTO PUBLISHABLE VALUES(41,0,FALSE,FALSE,'2009-12-29 22:18:12.305000000',FALSE,7,'Unpublished','2009-12-29 22:18:12.305000000')
INSERT INTO ARTICLE VALUES(41,'jjjjjjjjjjjjj',1,'jjjjjjjjjjjjjjjjjjj','oooooooooooooooooooo')
INSERT INTO AUDIT_LOG VALUES(51,0,NULL,'2009-12-29 22:18:12.323000000',NULL,'editor2',NULL,NULL,'null','2009-12-29 22:18:12.323000000','org.samye.dzong.london.community.Article','INSERT','41')
/*C12*/SET AUTOCOMMIT FALSE
SET AUTOCOMMIT TRUE
SET AUTOCOMMIT FALSE
SET AUTOCOMMIT TRUE
SET AUTOCOMMIT FALSE
SET AUTOCOMMIT TRUE
SET AUTOCOMMIT FALSE
SET AUTOCOMMIT TRUE
INSERT INTO PUBLISHABLE VALUES(42,0,FALSE,FALSE,'2009-12-29 22:22:18.831000000',FALSE,7,'Unpublished','2009-12-29 22:22:18.831000000')
INSERT INTO ARTICLE VALUES(42,'ppppppppppppppppppppp',1,'ppppppppppppppp','[[[[[[[[[[[[[[[[[[[[[[[[[[[[[[[[[[[[pppppppppppppppppppppppp')
INSERT INTO AUDIT_LOG VALUES(52,0,NULL,'2009-12-29 22:22:18.852000000',NULL,'editor2',NULL,NULL,'null','2009-12-29 22:22:18.852000000','org.samye.dzong.london.community.Article','INSERT','42')
/*C7*/SET AUTOCOMMIT FALSE
SET AUTOCOMMIT TRUE
SET AUTOCOMMIT FALSE
SET AUTOCOMMIT TRUE
SET AUTOCOMMIT FALSE
SET AUTOCOMMIT TRUE
/*C12*/SET AUTOCOMMIT FALSE
SET AUTOCOMMIT TRUE
SET AUTOCOMMIT FALSE
DELETE FROM PUBLISHABLE WHERE ID=36
INSERT INTO PUBLISHABLE VALUES(36,1,FALSE,FALSE,'2009-12-29 22:23:49.837000000',TRUE,7,'Unpublished','2009-12-29 21:56:18.236000000')
SET AUTOCOMMIT TRUE
INSERT INTO AUDIT_LOG VALUES(53,0,'deleted','2009-12-29 22:23:49.902000000','false','editor2',NULL,'true','null','2009-12-29 22:23:49.902000000','org.samye.dzong.london.community.Article','UPDATE','36')
/*C7*/SET AUTOCOMMIT FALSE
SET AUTOCOMMIT TRUE
SET AUTOCOMMIT FALSE
DELETE FROM PUBLISHABLE WHERE ID=40
INSERT INTO PUBLISHABLE VALUES(40,1,FALSE,FALSE,'2009-12-29 22:24:07.819000000',TRUE,7,'Unpublished','2009-12-29 22:15:29.320000000')
SET AUTOCOMMIT TRUE
INSERT INTO AUDIT_LOG VALUES(54,0,'deleted','2009-12-29 22:24:07.850000000','false','editor2',NULL,'true','null','2009-12-29 22:24:07.850000000','org.samye.dzong.london.community.Article','UPDATE','40')
/*C12*/SET AUTOCOMMIT FALSE
SET AUTOCOMMIT TRUE
SET AUTOCOMMIT FALSE
DELETE FROM PUBLISHABLE WHERE ID=41
INSERT INTO PUBLISHABLE VALUES(41,1,FALSE,FALSE,'2009-12-29 22:24:22.841000000',TRUE,7,'Unpublished','2009-12-29 22:18:12.305000000')
SET AUTOCOMMIT TRUE
INSERT INTO AUDIT_LOG VALUES(55,0,'deleted','2009-12-29 22:24:22.889000000','false','editor2',NULL,'true','null','2009-12-29 22:24:22.889000000','org.samye.dzong.london.community.Article','UPDATE','41')
/*C7*/SET AUTOCOMMIT FALSE
SET AUTOCOMMIT TRUE
SET AUTOCOMMIT FALSE
DELETE FROM PUBLISHABLE WHERE ID=38
INSERT INTO PUBLISHABLE VALUES(38,1,FALSE,FALSE,'2009-12-29 22:24:30.409000000',TRUE,7,'Unpublished','2009-12-29 21:59:28.726000000')
SET AUTOCOMMIT TRUE
INSERT INTO AUDIT_LOG VALUES(56,0,'deleted','2009-12-29 22:24:30.440000000','false','editor2',NULL,'true','null','2009-12-29 22:24:30.440000000','org.samye.dzong.london.community.Article','UPDATE','38')
/*C12*/SET AUTOCOMMIT FALSE
SET AUTOCOMMIT TRUE
SET AUTOCOMMIT FALSE
DELETE FROM PUBLISHABLE WHERE ID=42
INSERT INTO PUBLISHABLE VALUES(42,1,FALSE,FALSE,'2009-12-29 22:24:39.467000000',TRUE,7,'Unpublished','2009-12-29 22:22:18.831000000')
SET AUTOCOMMIT TRUE
INSERT INTO AUDIT_LOG VALUES(57,0,'deleted','2009-12-29 22:24:39.504000000','false','editor2',NULL,'true','null','2009-12-29 22:24:39.504000000','org.samye.dzong.london.community.Article','UPDATE','42')
/*C7*/SET AUTOCOMMIT FALSE
SET AUTOCOMMIT TRUE
SET AUTOCOMMIT FALSE
DELETE FROM PUBLISHABLE WHERE ID=39
INSERT INTO PUBLISHABLE VALUES(39,1,FALSE,FALSE,'2009-12-29 22:24:47.459000000',TRUE,7,'Unpublished','2009-12-29 22:14:06.300000000')
SET AUTOCOMMIT TRUE
INSERT INTO AUDIT_LOG VALUES(58,0,'deleted','2009-12-29 22:24:47.489000000','false','editor2',NULL,'true','null','2009-12-29 22:24:47.489000000','org.samye.dzong.london.community.Article','UPDATE','39')
/*C12*/SET AUTOCOMMIT FALSE
SET AUTOCOMMIT TRUE
SET AUTOCOMMIT FALSE
DELETE FROM PUBLISHABLE WHERE ID=37
INSERT INTO PUBLISHABLE VALUES(37,1,FALSE,FALSE,'2009-12-29 22:24:53.938000000',TRUE,7,'Unpublished','2009-12-29 21:58:50.062000000')
SET AUTOCOMMIT TRUE
INSERT INTO AUDIT_LOG VALUES(59,0,'deleted','2009-12-29 22:24:53.968000000','false','editor2',NULL,'true','null','2009-12-29 22:24:53.968000000','org.samye.dzong.london.community.Article','UPDATE','37')
/*C7*/SET AUTOCOMMIT FALSE
SET AUTOCOMMIT TRUE
INSERT INTO TAG_LINKS VALUES(26,0,35,4,'article')
INSERT INTO TAGS VALUES(8,0,'wonderful')
INSERT INTO TAG_LINKS VALUES(27,0,35,8,'article')
SET AUTOCOMMIT FALSE
DELETE FROM PUBLISHABLE WHERE ID=35
INSERT INTO PUBLISHABLE VALUES(35,1,FALSE,FALSE,'2009-12-29 22:25:38.953000000',FALSE,7,'Published','2009-12-29 21:49:32.168000000')
SET AUTOCOMMIT TRUE
INSERT INTO AUDIT_LOG VALUES(60,0,'publishState','2009-12-29 22:25:38.978000000','Unpublished','editor2',NULL,'Published','null','2009-12-29 22:25:38.978000000','org.samye.dzong.london.community.Article','UPDATE','35')
SET AUTOCOMMIT FALSE
SET AUTOCOMMIT TRUE
INSERT INTO TAG_LINKS VALUES(28,0,34,1,'article')
INSERT INTO TAG_LINKS VALUES(29,0,34,8,'article')
SET AUTOCOMMIT FALSE
DELETE FROM PUBLISHABLE WHERE ID=34
INSERT INTO PUBLISHABLE VALUES(34,1,FALSE,FALSE,'2009-12-29 22:27:30.508000000',FALSE,7,'Published','2009-12-29 21:43:30.835000000')
SET AUTOCOMMIT TRUE
INSERT INTO AUDIT_LOG VALUES(61,0,'publishState','2009-12-29 22:27:30.533000000','Unpublished','editor2',NULL,'Published','null','2009-12-29 22:27:30.533000000','org.samye.dzong.london.community.Article','UPDATE','34')
/*C12*/SET AUTOCOMMIT FALSE
SET AUTOCOMMIT TRUE
SET AUTOCOMMIT FALSE
SET AUTOCOMMIT TRUE
SET AUTOCOMMIT FALSE
SET AUTOCOMMIT TRUE
SET AUTOCOMMIT FALSE
SET AUTOCOMMIT TRUE
/*C7*/SET AUTOCOMMIT FALSE
SET AUTOCOMMIT TRUE
SET AUTOCOMMIT FALSE
SET AUTOCOMMIT TRUE
SET AUTOCOMMIT FALSE
DELETE FROM PUBLISHABLE WHERE ID=1
INSERT INTO PUBLISHABLE VALUES(1,1,NULL,NULL,'2009-12-29 22:30:00.079000000',FALSE,5,'Unpublished','2009-12-29 19:54:14.168000000')
SET AUTOCOMMIT TRUE
INSERT INTO AUDIT_LOG VALUES(62,0,'publishState','2009-12-29 22:30:00.109000000','Published','editor2',NULL,'Unpublished','null','2009-12-29 22:30:00.109000000','org.samye.dzong.london.community.Article','UPDATE','1')
/*C12*/SET AUTOCOMMIT FALSE
SET AUTOCOMMIT TRUE
SET AUTOCOMMIT FALSE
SET AUTOCOMMIT TRUE
SET AUTOCOMMIT FALSE
DELETE FROM PUBLISHABLE WHERE ID=7
INSERT INTO PUBLISHABLE VALUES(7,1,NULL,NULL,'2009-12-29 22:30:08.261000000',FALSE,5,'Archived','2009-12-29 19:54:14.692000000')
SET AUTOCOMMIT TRUE
INSERT INTO AUDIT_LOG VALUES(63,0,'publishState','2009-12-29 22:30:08.286000000','Published','editor2',NULL,'Archived','null','2009-12-29 22:30:08.286000000','org.samye.dzong.london.community.Article','UPDATE','7')
/*C7*/SET AUTOCOMMIT FALSE
SET AUTOCOMMIT TRUE
SET AUTOCOMMIT FALSE
SET AUTOCOMMIT TRUE
/*C12*/SET AUTOCOMMIT FALSE
SET AUTOCOMMIT TRUE
SET AUTOCOMMIT FALSE
SET AUTOCOMMIT TRUE
SET AUTOCOMMIT FALSE
DELETE FROM PUBLISHABLE WHERE ID=8
INSERT INTO PUBLISHABLE VALUES(8,1,NULL,NULL,'2009-12-29 22:30:47.085000000',FALSE,5,'Archived','2009-12-29 19:54:15.295000000')
SET AUTOCOMMIT TRUE
INSERT INTO AUDIT_LOG VALUES(64,0,'publishState','2009-12-29 22:30:47.111000000','Published','editor2',NULL,'Archived','null','2009-12-29 22:30:47.111000000','org.samye.dzong.london.community.Article','UPDATE','8')
/*C7*/SET AUTOCOMMIT FALSE
SET AUTOCOMMIT TRUE
SET AUTOCOMMIT FALSE
SET AUTOCOMMIT TRUE
SET AUTOCOMMIT FALSE
SET AUTOCOMMIT TRUE
SET AUTOCOMMIT FALSE
DELETE FROM PUBLISHABLE WHERE ID=7
INSERT INTO PUBLISHABLE VALUES(7,2,NULL,NULL,'2009-12-29 22:30:59.473000000',TRUE,5,'Unpublished','2009-12-29 19:54:14.692000000')
SET AUTOCOMMIT TRUE
INSERT INTO AUDIT_LOG VALUES(65,0,'deleted','2009-12-29 22:30:59.500000000','false','editor2',NULL,'true','null','2009-12-29 22:30:59.500000000','org.samye.dzong.london.community.Article','UPDATE','7')
INSERT INTO AUDIT_LOG VALUES(66,0,'publishState','2009-12-29 22:30:59.520000000','Archived','editor2',NULL,'Unpublished','null','2009-12-29 22:30:59.520000000','org.samye.dzong.london.community.Article','UPDATE','7')
/*C12*/SET AUTOCOMMIT FALSE
SET AUTOCOMMIT TRUE
SET AUTOCOMMIT FALSE
SET AUTOCOMMIT TRUE
SET AUTOCOMMIT FALSE
DELETE FROM PUBLISHABLE WHERE ID=8
INSERT INTO PUBLISHABLE VALUES(8,2,NULL,NULL,'2009-12-29 22:31:06.100000000',FALSE,5,'Unpublished','2009-12-29 19:54:15.295000000')
SET AUTOCOMMIT TRUE
INSERT INTO AUDIT_LOG VALUES(67,0,'publishState','2009-12-29 22:31:06.132000000','Archived','editor2',NULL,'Unpublished','null','2009-12-29 22:31:06.132000000','org.samye.dzong.london.community.Article','UPDATE','8')
/*C7*/SET AUTOCOMMIT FALSE
SET AUTOCOMMIT TRUE
SET AUTOCOMMIT FALSE
SET AUTOCOMMIT TRUE
/*C12*/SET AUTOCOMMIT FALSE
SET AUTOCOMMIT TRUE
SET AUTOCOMMIT FALSE
SET AUTOCOMMIT TRUE
SET AUTOCOMMIT FALSE
SET AUTOCOMMIT TRUE
/*C7*/SET AUTOCOMMIT FALSE
SET AUTOCOMMIT TRUE
/*C12*/SET AUTOCOMMIT FALSE
SET AUTOCOMMIT TRUE
/*C7*/SET AUTOCOMMIT FALSE
SET AUTOCOMMIT TRUE
SET AUTOCOMMIT FALSE
SET AUTOCOMMIT TRUE
SET AUTOCOMMIT FALSE
SET AUTOCOMMIT TRUE
INSERT INTO PUBLISHABLE VALUES(43,0,FALSE,FALSE,'2009-12-29 22:32:47.538000000',FALSE,7,'Unpublished','2009-12-29 22:32:47.538000000')
INSERT INTO ARTICLE VALUES(43,'This summary',1,'This content.','New News')
INSERT INTO AUDIT_LOG VALUES(68,0,NULL,'2009-12-29 22:32:47.558000000',NULL,'editor2',NULL,NULL,'null','2009-12-29 22:32:47.558000000','org.samye.dzong.london.community.Article','INSERT','43')
/*C12*/SET AUTOCOMMIT FALSE
SET AUTOCOMMIT TRUE
INSERT INTO TAG_LINKS VALUES(30,0,43,4,'article')
SET AUTOCOMMIT FALSE
DELETE FROM PUBLISHABLE WHERE ID=43
INSERT INTO PUBLISHABLE VALUES(43,1,FALSE,FALSE,'2009-12-29 22:33:10.192000000',FALSE,7,'Published','2009-12-29 22:32:47.538000000')
SET AUTOCOMMIT TRUE
INSERT INTO AUDIT_LOG VALUES(69,0,'publishState','2009-12-29 22:33:10.224000000','Unpublished','editor2',NULL,'Published','null','2009-12-29 22:33:10.224000000','org.samye.dzong.london.community.Article','UPDATE','43')
/*C7*/SET AUTOCOMMIT FALSE
SET AUTOCOMMIT TRUE
SET AUTOCOMMIT FALSE
SET AUTOCOMMIT TRUE
/*C12*/SET AUTOCOMMIT FALSE
SET AUTOCOMMIT TRUE
/*C7*/SET AUTOCOMMIT FALSE
SET AUTOCOMMIT TRUE
/*C12*/SET AUTOCOMMIT FALSE
SET AUTOCOMMIT TRUE
SET AUTOCOMMIT FALSE
SET AUTOCOMMIT TRUE
/*C7*/SET AUTOCOMMIT FALSE
SET AUTOCOMMIT TRUE
/*C12*/SET AUTOCOMMIT FALSE
SET AUTOCOMMIT TRUE
/*C7*/SET AUTOCOMMIT FALSE
SET AUTOCOMMIT TRUE
/*C12*/SET AUTOCOMMIT FALSE
SET AUTOCOMMIT TRUE
/*C7*/SET AUTOCOMMIT FALSE
SET AUTOCOMMIT TRUE
/*C12*/SET AUTOCOMMIT FALSE
SET AUTOCOMMIT TRUE
/*C7*/SET AUTOCOMMIT FALSE
SET AUTOCOMMIT TRUE
/*C12*/SET AUTOCOMMIT FALSE
SET AUTOCOMMIT TRUE
/*C7*/SET AUTOCOMMIT FALSE
SET AUTOCOMMIT TRUE
/*C12*/SET AUTOCOMMIT FALSE
SET AUTOCOMMIT TRUE
/*C7*/SET AUTOCOMMIT FALSE
SET AUTOCOMMIT TRUE
/*C12*/SET AUTOCOMMIT FALSE
SET AUTOCOMMIT TRUE
/*C7*/SET AUTOCOMMIT FALSE
SET AUTOCOMMIT TRUE
/*C12*/SET AUTOCOMMIT FALSE
SET AUTOCOMMIT TRUE
/*C7*/SET AUTOCOMMIT FALSE
SET AUTOCOMMIT TRUE
/*C12*/SET AUTOCOMMIT FALSE
SET AUTOCOMMIT TRUE
/*C7*/SET AUTOCOMMIT FALSE
SET AUTOCOMMIT TRUE
/*C12*/SET AUTOCOMMIT FALSE
SET AUTOCOMMIT TRUE
/*C7*/SET AUTOCOMMIT FALSE
SET AUTOCOMMIT TRUE
/*C12*/SET AUTOCOMMIT FALSE
SET AUTOCOMMIT TRUE
/*C7*/SET AUTOCOMMIT FALSE
SET AUTOCOMMIT TRUE
/*C12*/SET AUTOCOMMIT FALSE
SET AUTOCOMMIT TRUE
/*C7*/SET AUTOCOMMIT FALSE
SET AUTOCOMMIT TRUE
/*C12*/SET AUTOCOMMIT FALSE
SET AUTOCOMMIT TRUE
/*C7*/SET AUTOCOMMIT FALSE
SET AUTOCOMMIT TRUE
/*C12*/SET AUTOCOMMIT FALSE
SET AUTOCOMMIT TRUE
/*C7*/SET AUTOCOMMIT FALSE
SET AUTOCOMMIT TRUE
/*C12*/SET AUTOCOMMIT FALSE
SET AUTOCOMMIT TRUE
/*C7*/SET AUTOCOMMIT FALSE
SET AUTOCOMMIT TRUE
/*C12*/SET AUTOCOMMIT FALSE
SET AUTOCOMMIT TRUE
/*C7*/SET AUTOCOMMIT FALSE
SET AUTOCOMMIT TRUE
/*C12*/SET AUTOCOMMIT FALSE
SET AUTOCOMMIT TRUE
/*C7*/SET AUTOCOMMIT FALSE
SET AUTOCOMMIT TRUE
/*C12*/SET AUTOCOMMIT FALSE
SET AUTOCOMMIT TRUE
/*C7*/SET AUTOCOMMIT FALSE
SET AUTOCOMMIT TRUE
/*C12*/SET AUTOCOMMIT FALSE
SET AUTOCOMMIT TRUE
/*C7*/SET AUTOCOMMIT FALSE
SET AUTOCOMMIT TRUE
/*C12*/SET AUTOCOMMIT FALSE
SET AUTOCOMMIT TRUE
/*C7*/SET AUTOCOMMIT FALSE
SET AUTOCOMMIT TRUE
/*C12*/SET AUTOCOMMIT FALSE
SET AUTOCOMMIT TRUE
/*C7*/SET AUTOCOMMIT FALSE
SET AUTOCOMMIT TRUE
/*C12*/SET AUTOCOMMIT FALSE
SET AUTOCOMMIT TRUE
/*C7*/SET AUTOCOMMIT FALSE
SET AUTOCOMMIT TRUE
SET AUTOCOMMIT FALSE
SET AUTOCOMMIT TRUE
/*C12*/SET AUTOCOMMIT FALSE
SET AUTOCOMMIT TRUE
/*C7*/SET AUTOCOMMIT FALSE
SET AUTOCOMMIT TRUE
/*C12*/SET AUTOCOMMIT FALSE
SET AUTOCOMMIT TRUE
/*C7*/SET AUTOCOMMIT FALSE
SET AUTOCOMMIT TRUE
/*C12*/SET AUTOCOMMIT FALSE
SET AUTOCOMMIT TRUE
SET AUTOCOMMIT FALSE
SET AUTOCOMMIT TRUE
SET AUTOCOMMIT FALSE
SET AUTOCOMMIT TRUE
SET AUTOCOMMIT FALSE
SET AUTOCOMMIT TRUE
SET AUTOCOMMIT FALSE
SET AUTOCOMMIT TRUE
SET AUTOCOMMIT FALSE
SET AUTOCOMMIT TRUE
SET AUTOCOMMIT FALSE
DELETE FROM PUBLISHABLE WHERE ID=29
INSERT INTO PUBLISHABLE VALUES(29,1,NULL,NULL,'2009-12-29 22:34:42.685000000',FALSE,5,'Archived','2009-12-29 19:54:18.742000000')
SET AUTOCOMMIT TRUE
INSERT INTO AUDIT_LOG VALUES(70,0,'publishState','2009-12-29 22:34:42.714000000','Published','editor2',NULL,'Archived','null','2009-12-29 22:34:42.714000000','org.samye.dzong.london.community.Article','UPDATE','29')
/*C7*/SET AUTOCOMMIT FALSE
SET AUTOCOMMIT TRUE
SET AUTOCOMMIT FALSE
SET AUTOCOMMIT TRUE
SET AUTOCOMMIT FALSE
SET AUTOCOMMIT TRUE
/*C12*/SET AUTOCOMMIT FALSE
SET AUTOCOMMIT TRUE
/*C7*/SET AUTOCOMMIT FALSE
SET AUTOCOMMIT TRUE
/*C12*/SET AUTOCOMMIT FALSE
SET AUTOCOMMIT TRUE
SET AUTOCOMMIT FALSE
SET AUTOCOMMIT TRUE
SET AUTOCOMMIT FALSE
SET AUTOCOMMIT TRUE
/*C7*/SET AUTOCOMMIT FALSE
SET AUTOCOMMIT TRUE
/*C12*/SET AUTOCOMMIT FALSE
SET AUTOCOMMIT TRUE
/*C7*/SET AUTOCOMMIT FALSE
SET AUTOCOMMIT TRUE
/*C12*/SET AUTOCOMMIT FALSE
SET AUTOCOMMIT TRUE
/*C7*/SET AUTOCOMMIT FALSE
SET AUTOCOMMIT TRUE
/*C12*/SET AUTOCOMMIT FALSE
SET AUTOCOMMIT TRUE
SET AUTOCOMMIT FALSE
SET AUTOCOMMIT TRUE
/*C7*/SET AUTOCOMMIT FALSE
SET AUTOCOMMIT TRUE
/*C12*/SET AUTOCOMMIT FALSE
SET AUTOCOMMIT TRUE
/*C7*/SET AUTOCOMMIT FALSE
SET AUTOCOMMIT TRUE
/*C12*/SET AUTOCOMMIT FALSE
SET AUTOCOMMIT TRUE
/*C7*/SET AUTOCOMMIT FALSE
SET AUTOCOMMIT TRUE
/*C12*/SET AUTOCOMMIT FALSE
SET AUTOCOMMIT TRUE
